<?xml version="1.0" encoding="UTF-8"?>
<testng-results ignored="0" total="1" passed="1" failed="0" skipped="0">
  <reporter-output>
  </reporter-output>
  <suite started-at="2022-05-16T15:28:43 IST" name="Default suite" finished-at="2022-05-16T15:28:49 IST" duration-ms="6362">
    <groups>
    </groups>
    <test started-at="2022-05-16T15:28:43 IST" name="Default test" finished-at="2022-05-16T15:28:49 IST" duration-ms="6362">
      <class name="org.facebook.loginpage.VerificationAzure">
        <test-method is-config="true" signature="initialFlow()[pri:0, instance:org.facebook.loginpage.VerificationAzure@7a419da4]" started-at="2022-05-16T15:28:43 IST" name="initialFlow" finished-at="2022-05-16T15:28:47 IST" duration-ms="4073" status="PASS">
          <reporter-output>
          </reporter-output>
        </test-method> <!-- initialFlow -->
        <test-method signature="testAzure()[pri:0, instance:org.facebook.loginpage.VerificationAzure@7a419da4]" started-at="2022-05-16T15:28:47 IST" name="testAzure" finished-at="2022-05-16T15:28:49 IST" duration-ms="1615" status="PASS">
          <reporter-output>
          </reporter-output>
        </test-method> <!-- testAzure -->
        <test-method is-config="true" signature="closeBrowser()[pri:0, instance:org.facebook.loginpage.VerificationAzure@7a419da4]" started-at="2022-05-16T15:28:49 IST" name="closeBrowser" finished-at="2022-05-16T15:28:49 IST" duration-ms="647" status="PASS">
          <reporter-output>
          </reporter-output>
        </test-method> <!-- closeBrowser -->
      </class> <!-- org.facebook.loginpage.VerificationAzure -->
    </test> <!-- Default test -->
  </suite> <!-- Default suite -->
</testng-results>
